#
# A fatal error has been detected by the Java Runtime Environment:
#
#  Internal Error (os_windows_x86.cpp:114), pid=4984, tid=3484
#  Error: guarantee(result == -1,"Unexpected result from topLevelExceptionFilter")
#
# JRE version: 6.0_17-b04
# Java VM: Java HotSpot(TM) 64-Bit Server VM (14.3-b01 mixed mode windows-amd64 )
# If you would like to submit a bug report, please visit:
#   http://java.sun.com/webapps/bugreport/crash.jsp
# The crash happened outside the Java Virtual Machine in native code.
# See problematic frame for where to report the bug.
#

---------------  T H R E A D  ---------------

Current thread (0x00000000021bf800):  JavaThread "main" [_thread_in_native, id=3484, stack(0x0000000000210000,0x0000000001710000)]

Stack: [0x0000000000210000,0x0000000001710000]
[error occurred during error reporting (printing stack bounds), id 0xc0000005]

Java frames: (J=compiled Java code, j=interpreted, Vv=VM code)
j  com.mathworks.jmi.NativeMatlab.SendMatlabMessage(Ljava/lang/Object;)Ljava/lang/Object;+0
j  com.mathworks.jmi.NativeMatlab.sendMatlabMessage(Ljava/lang/Object;)Ljava/lang/Object;+22
j  com.mathworks.jmi.MatlabLooper.sendMatlabMessage(Lcom/mathworks/services/message/MWMessage;)Ljava/lang/Object;+20
j  com.mathworks.jmi.Matlab.mtFevalConsoleOutput(Ljava/lang/String;[Ljava/lang/Object;I)Ljava/lang/Object;+58
j  com.mathworks.jmi.MatlabMCR.mtFevalConsoleOutput(Ljava/lang/String;[Ljava/lang/Object;I)Ljava/lang/Object;+3
j  com.mathworks.timer.MWCallback$callbackEvent.run()V+67
j  com.mathworks.jmi.NativeMatlab.dispatchMTRequests(Z)V+50
v  ~StubRoutines::call_stub

---------------  P R O C E S S  ---------------

Java Threads: ( => current thread )
  0x00000000395b2800 JavaThread "Thread-125" [_thread_blocked, id=5408, stack(0x0000000047c40000,0x0000000047cc0000)]
  0x00000000395b2000 JavaThread "RequestQueue for GenericFileList" [_thread_blocked, id=5104, stack(0x000000000df50000,0x000000000dfd0000)]
  0x00000000395ae000 JavaThread "Timer-5" daemon [_thread_blocked, id=5608, stack(0x0000000031d80000,0x0000000031e00000)]
  0x00000000395ad000 JavaThread "Prefs Updater" daemon [_thread_blocked, id=5644, stack(0x00000000433d0000,0x0000000043450000)]
  0x00000000395aa000 JavaThread "Timer-1" [_thread_blocked, id=3900, stack(0x0000000043060000,0x00000000430e0000)]
  0x00000000395ac000 JavaThread "FelixPackageAdmin" daemon [_thread_blocked, id=1900, stack(0x000000003d2b0000,0x000000003d330000)]
  0x00000000395ab800 JavaThread "FelixStartLevel" daemon [_thread_blocked, id=5044, stack(0x0000000037f10000,0x0000000037f90000)]
  0x00000000395aa800 JavaThread "FelixDispatchQueue" daemon [_thread_blocked, id=540, stack(0x00000000368e0000,0x0000000036960000)]
  0x00000000395a9000 JavaThread "TimerQueue" daemon [_thread_blocked, id=5944, stack(0x00000000352a0000,0x0000000035320000)]
  0x00000000395a8800 JavaThread "AWT-EventQueue-0" [_thread_blocked, id=5196, stack(0x0000000033cd0000,0x0000000033d50000)]
  0x00000000395a7800 JavaThread "com.google.common.base.internal.Finalizer" daemon [_thread_blocked, id=1468, stack(0x000000002f1b0000,0x000000002f230000)]
  0x00000000395a6800 JavaThread "AWT-Windows" daemon [_thread_in_native, id=4396, stack(0x00000000099f0000,0x0000000009a70000)]
  0x00000000395a5800 JavaThread "AWT-Shutdown" [_thread_blocked, id=5668, stack(0x00000000298c0000,0x0000000029940000)]
  0x00000000395a5000 JavaThread "Java2D Disposer" daemon [_thread_blocked, id=3496, stack(0x0000000029960000,0x00000000299e0000)]
  0x00000000395a4000 JavaThread "Timer-0" [_thread_blocked, id=2916, stack(0x000000000f7f0000,0x000000000f870000)]
  0x000000000fd3c800 JavaThread "JMI Unnamed Thread" [_thread_in_native, id=1880, stack(0x0000000006e60000,0x0000000008360000)]
  0x000000000f764000 JavaThread "Low Memory Detector" daemon [_thread_blocked, id=1400, stack(0x000000000f980000,0x000000000fa00000)]
  0x000000000f760800 JavaThread "CompilerThread1" daemon [_thread_blocked, id=5480, stack(0x00000000369b0000,0x0000000037eb0000)]
  0x000000000f758800 JavaThread "CompilerThread0" daemon [_thread_blocked, id=4264, stack(0x0000000035350000,0x0000000036850000)]
  0x000000000f757800 JavaThread "Attach Listener" daemon [_thread_blocked, id=1168, stack(0x000000000f010000,0x000000000f090000)]
  0x000000000f6fd800 JavaThread "Finalizer" daemon [_thread_blocked, id=4032, stack(0x000000000f110000,0x000000000f190000)]
  0x000000000f6f7800 JavaThread "Reference Handler" daemon [_thread_blocked, id=1612, stack(0x0000000009960000,0x00000000099e0000)]
=>0x00000000021bf800 JavaThread "main" [_thread_in_native, id=3484, stack(0x0000000000210000,0x0000000001710000)]

Other Threads:
  0x000000000f6f4800 VMThread [stack: 0x0000000033d70000,0x0000000035270000] [id=5540]
  0x000000000f78a000 WatcherThread [stack: 0x0000000038050000,0x0000000039550000] [id=6096]

VM state:not at safepoint (normal execution)

VM Mutex/Monitor currently owned by a thread: None

Heap
 PSYoungGen      total 23552K, used 10862K [0x0000000025250000, 0x00000000280e0000, 0x0000000028350000)
  eden space 17600K, 28% used [0x0000000025250000,0x0000000025728fe0,0x0000000026380000)
  from space 5952K, 99% used [0x0000000026380000,0x0000000026942af0,0x0000000026950000)
  to   space 14848K, 0% used [0x0000000027260000,0x0000000027260000,0x00000000280e0000)
 PSOldGen        total 99584K, used 64466K [0x000000001bf50000, 0x0000000022090000, 0x0000000025250000)
  object space 99584K, 64% used [0x000000001bf50000,0x000000001fe44858,0x0000000022090000)
 PSPermGen       total 108032K, used 60883K [0x0000000013f50000, 0x000000001a8d0000, 0x000000001bf50000)
  object space 108032K, 56% used [0x0000000013f50000,0x0000000017ac4c50,0x000000001a8d0000)

Dynamic libraries:
0x000000013fd40000 - 0x000000013fd69000 	D:\MATLAB\R2011A\bin\win64\MATLAB.exe
0x0000000077930000 - 0x0000000077ad9000 	C:\Windows\SYSTEM32\ntdll.dll
0x0000000077810000 - 0x000000007792f000 	C:\Windows\system32\kernel32.dll
0x000007fefd7e0000 - 0x000007fefd84b000 	C:\Windows\system32\KERNELBASE.dll
0x0000000074460000 - 0x0000000074569000 	D:\MATLAB\R2011A\bin\win64\libut.dll
0x00000000758a0000 - 0x0000000075920000 	D:\MATLAB\R2011A\bin\win64\libmwi18n.dll
0x0000000180000000 - 0x000000018000b000 	D:\MATLAB\R2011A\bin\win64\libmwresource_core.dll
0x00000000730c0000 - 0x0000000073193000 	C:\Windows\WinSxS\amd64_microsoft.vc90.crt_1fc8b3b9a1e18e3b_9.0.30729.6161_none_08e61857a83bc251\MSVCP90.dll
0x0000000073010000 - 0x00000000730b3000 	C:\Windows\WinSxS\amd64_microsoft.vc90.crt_1fc8b3b9a1e18e3b_9.0.30729.6161_none_08e61857a83bc251\MSVCR90.dll
0x000000007a3b0000 - 0x000000007a3c0000 	D:\MATLAB\R2011A\bin\win64\boost_date_time-vc90-mt-1_40.dll
0x000000007a170000 - 0x000000007a189000 	D:\MATLAB\R2011A\bin\win64\boost_filesystem-vc90-mt-1_40.dll
0x000000007a560000 - 0x000000007a569000 	D:\MATLAB\R2011A\bin\win64\boost_system-vc90-mt-1_40.dll
0x000000007a2d0000 - 0x000000007a2e2000 	D:\MATLAB\R2011A\bin\win64\boost_thread-vc90-mt-1_40.dll
0x000000007a010000 - 0x000000007a035000 	D:\MATLAB\R2011A\bin\win64\LIBEXPAT.dll
0x00000000739d0000 - 0x0000000073b8c000 	D:\MATLAB\R2011A\bin\win64\icuin42.dll
0x00000000740b0000 - 0x0000000074223000 	D:\MATLAB\R2011A\bin\win64\icuuc42.dll
0x000007feff620000 - 0x000007feff6fb000 	C:\Windows\system32\ADVAPI32.dll
0x000007fefdf20000 - 0x000007fefdfbf000 	C:\Windows\system32\msvcrt.dll
0x000007feff830000 - 0x000007feff84f000 	C:\Windows\SYSTEM32\sechost.dll
0x000007feff110000 - 0x000007feff23d000 	C:\Windows\system32\RPCRT4.dll
0x0000000010000000 - 0x0000000010f47000 	D:\MATLAB\R2011A\bin\win64\icudt42.dll
0x0000000073f70000 - 0x000000007407d000 	D:\MATLAB\R2011A\bin\win64\libmwfl.dll
0x0000000001770000 - 0x0000000001803000 	D:\MATLAB\R2011A\bin\win64\libmwMATLAB_res.dll
0x000000007a250000 - 0x000000007a263000 	D:\MATLAB\R2011A\bin\win64\boost_signals-vc90-mt-1_40.dll
0x0000000001830000 - 0x0000000001876000 	D:\MATLAB\R2011A\bin\win64\tbb.dll
0x000007feff700000 - 0x000007feff719000 	C:\Windows\system32\imagehlp.dll
0x0000000077b00000 - 0x0000000077b07000 	C:\Windows\system32\PSAPI.DLL
0x000000007a3d0000 - 0x000000007a3e3000 	D:\MATLAB\R2011A\bin\win64\icuio42.dll
0x000007feecc20000 - 0x000007feecd45000 	C:\Windows\system32\dbghelp.dll
0x0000000077710000 - 0x000000007780a000 	C:\Windows\system32\USER32.dll
0x000007fefee80000 - 0x000007fefeee7000 	C:\Windows\system32\GDI32.dll
0x000007feff100000 - 0x000007feff10e000 	C:\Windows\system32\LPK.dll
0x000007feffaf0000 - 0x000007feffbb9000 	C:\Windows\system32\USP10.dll
0x000000007bed0000 - 0x000000007c0f5000 	D:\MATLAB\R2011A\bin\win64\libmwservices.dll
0x0000000075a20000 - 0x0000000075ab2000 	D:\MATLAB\R2011A\bin\win64\libmx.dll
0x000000007a210000 - 0x000000007a226000 	D:\MATLAB\R2011A\bin\win64\zlib1.dll
0x0000000074330000 - 0x000000007444b000 	D:\MATLAB\R2011A\bin\win64\libmwmathutil.dll
0x000000006c280000 - 0x000000006c2d4000 	D:\MATLAB\R2011A\bin\win64\mpath.dll
0x000000007b680000 - 0x000000007b982000 	D:\MATLAB\R2011A\bin\win64\mlutil.dll
0x000000006bd90000 - 0x000000006be12000 	D:\MATLAB\R2011A\bin\win64\xmlcore.dll
0x000000007bc30000 - 0x000000007be83000 	D:\MATLAB\R2011A\bin\win64\xerces-c_2_7.dll
0x000007fefdfc0000 - 0x000007fefe00d000 	C:\Windows\system32\WS2_32.dll
0x000007feffae0000 - 0x000007feffae8000 	C:\Windows\system32\NSI.dll
0x000007fefe010000 - 0x000007fefed98000 	C:\Windows\system32\SHELL32.dll
0x000007feff240000 - 0x000007feff2b1000 	C:\Windows\system32\SHLWAPI.dll
0x000007fefab00000 - 0x000007fefaba0000 	C:\Windows\WinSxS\amd64_microsoft.windows.common-controls_6595b64144ccf1df_5.82.7601.18201_none_a4d3b9377117c3df\COMCTL32.dll
0x000007fefdd20000 - 0x000007fefddb7000 	C:\Windows\system32\COMDLG32.dll
0x000007fefb420000 - 0x000007fefb436000 	C:\Windows\system32\NETAPI32.dll
0x000007fefad30000 - 0x000007fefad3c000 	C:\Windows\system32\netutils.dll
0x000007fefd240000 - 0x000007fefd263000 	C:\Windows\system32\srvcli.dll
0x000007fefad10000 - 0x000007fefad25000 	C:\Windows\system32\wkscli.dll
0x000007fefeef0000 - 0x000007feff0f3000 	C:\Windows\system32\ole32.dll
0x000007fefeda0000 - 0x000007fefee77000 	C:\Windows\system32\OLEAUT32.dll
0x0000000074970000 - 0x0000000074a34000 	D:\MATLAB\R2011A\bin\win64\mcr.dll
0x0000000075000000 - 0x00000000750e4000 	D:\MATLAB\R2011A\bin\win64\iqm.dll
0x0000000066c20000 - 0x00000000673bc000 	D:\MATLAB\R2011A\bin\win64\m_interpreter.dll
0x000000006c480000 - 0x000000006c48f000 	D:\MATLAB\R2011A\bin\win64\libmex.dll
0x000000006bce0000 - 0x000000006bd84000 	D:\MATLAB\R2011A\bin\win64\m_dispatcher.dll
0x0000000074880000 - 0x0000000074945000 	D:\MATLAB\R2011A\bin\win64\boost_regex-vc90-mt-1_40.dll
0x000000006bc60000 - 0x000000006bcdf000 	D:\MATLAB\R2011A\bin\win64\profiler.dll
0x0000000079f40000 - 0x0000000079f6c000 	D:\MATLAB\R2011A\bin\win64\libmwmathrng.dll
0x000000006c260000 - 0x000000006c280000 	D:\MATLAB\R2011A\bin\win64\m_pcodeio.dll
0x0000000079b10000 - 0x0000000079b71000 	D:\MATLAB\R2011A\bin\win64\m_ir.dll
0x00000000665e0000 - 0x0000000066c1b000 	D:\MATLAB\R2011A\bin\win64\m_parser.dll
0x000000006c240000 - 0x000000006c259000 	D:\MATLAB\R2011A\bin\win64\ir_xfmr.dll
0x000000006a7a0000 - 0x000000006a9eb000 	D:\MATLAB\R2011A\bin\win64\mcos.dll
0x000000006c490000 - 0x000000006c49c000 	D:\MATLAB\R2011A\bin\win64\mtok.dll
0x000000006c210000 - 0x000000006c23b000 	D:\MATLAB\R2011A\bin\win64\m_pcodegen.dll
0x0000000076160000 - 0x00000000761c2000 	D:\MATLAB\R2011A\bin\win64\libmwspmatrix.dll
0x0000000079fb0000 - 0x0000000079fde000 	D:\MATLAB\R2011A\bin\win64\libmwbridge.dll
0x000000006a6e0000 - 0x000000006a799000 	D:\MATLAB\R2011A\bin\win64\udd.dll
0x0000000066490000 - 0x00000000665d1000 	D:\MATLAB\R2011A\bin\win64\libmwgui.dll
0x000000006bc40000 - 0x000000006bc57000 	D:\MATLAB\R2011A\bin\win64\graphics_util.dll
0x0000000065c10000 - 0x0000000066490000 	D:\MATLAB\R2011A\bin\win64\hg.dll
0x0000000076100000 - 0x000000007614f000 	D:\MATLAB\R2011A\bin\win64\libmat.dll
0x0000000072d30000 - 0x0000000072f33000 	D:\MATLAB\R2011A\bin\win64\libhdf5.dll
0x000000006a1a0000 - 0x000000006a21b000 	D:\MATLAB\R2011A\bin\win64\jmi.dll
0x0000000001a90000 - 0x0000000001a9e000 	D:\MATLAB\R2011A\bin\win64\nativejava_services.dll
0x000000006a6a0000 - 0x000000006a6dc000 	D:\MATLAB\R2011A\bin\win64\libmwhardcopy.dll
0x000000006a140000 - 0x000000006a198000 	D:\MATLAB\R2011A\bin\win64\libuij.dll
0x0000000065a20000 - 0x0000000065c03000 	D:\MATLAB\R2011A\bin\win64\hgdatatypes.dll
0x0000000065960000 - 0x0000000065a1c000 	D:\MATLAB\R2011A\bin\win64\hgutils.dll
0x00000000658e0000 - 0x000000006595c000 	D:\MATLAB\R2011A\bin\win64\libmwlapack.dll
0x000000006bc20000 - 0x000000006bc32000 	D:\MATLAB\R2011A\bin\win64\libmwbinder.dll
0x000000006bc10000 - 0x000000006bc1b000 	D:\MATLAB\R2011A\bin\win64\libmwompwrapper.dll
0x0000000001b20000 - 0x0000000001de4000 	D:\MATLAB\R2011A\bin\win64\uiw.dll
0x000000006a690000 - 0x000000006a69a000 	D:\MATLAB\R2011A\bin\win64\uinone.dll
0x00000000653f0000 - 0x00000000658d4000 	C:\Windows\WinSxS\amd64_microsoft.vc90.mfc_1fc8b3b9a1e18e3b_9.0.30729.6161_none_044aad0bab1eb146\mfc90.dll
0x000007fef9da0000 - 0x000007fef9da7000 	C:\Windows\system32\MSIMG32.dll
0x000007fefaa80000 - 0x000007fefaaf1000 	C:\Windows\system32\WINSPOOL.DRV
0x0000000065340000 - 0x00000000653e9000 	D:\MATLAB\R2011A\bin\win64\udd_mi.dll
0x000000006a120000 - 0x000000006a13b000 	D:\MATLAB\R2011A\bin\win64\mwoles05.DLL
0x00000000652d0000 - 0x000000006533e000 	D:\MATLAB\R2011A\bin\win64\comcli.dll
0x00000000652a0000 - 0x00000000652cf000 	C:\Windows\WinSxS\amd64_microsoft.vc90.atl_1fc8b3b9a1e18e3b_9.0.30729.6161_none_0a1fd3a3a768b895\ATL90.DLL
0x000000006a680000 - 0x000000006a68c000 	D:\MATLAB\R2011A\bin\win64\mlautoregister.dll
0x0000000001e50000 - 0x0000000001e5d000 	D:\MATLAB\R2011A\bin\win64\boost_iostreams-vc90-mt-1_40.dll
0x000007feff5f0000 - 0x000007feff61e000 	C:\Windows\system32\IMM32.DLL
0x000007feff720000 - 0x000007feff829000 	C:\Windows\system32\MSCTF.dll
0x000007fefd6d0000 - 0x000007fefd710000 	C:\Windows\system32\nvinitx.dll
0x000000000f000000 - 0x000000000f006000 	C:\Program Files\NVIDIA Corporation\CoProcManager\_etoured.dll
0x000007fefa410000 - 0x000007fefa464000 	C:\Program Files\NVIDIA Corporation\CoProcManager\nvd3d9wrapx.dll
0x000007fefdb40000 - 0x000007fefdd17000 	C:\Windows\system32\SETUPAPI.dll
0x000007fefd8c0000 - 0x000007fefd8f6000 	C:\Windows\system32\CFGMGR32.dll
0x000007fefda80000 - 0x000007fefda9a000 	C:\Windows\system32\DEVOBJ.dll
0x000007fefa3c0000 - 0x000007fefa403000 	C:\Program Files\NVIDIA Corporation\CoProcManager\nvdxgiwrapx.dll
0x000007fefc240000 - 0x000007fefc296000 	C:\Windows\system32\UxTheme.dll
0x000007fefb440000 - 0x000007fefb458000 	C:\Windows\system32\dwmapi.dll
0x0000000065290000 - 0x000000006529d000 	C:\Windows\WinSxS\amd64_microsoft.vc90.mfcloc_1fc8b3b9a1e18e3b_9.0.30729.6161_none_01c9581e60cbee58\MFC90ENU.DLL
0x000007fef8ab0000 - 0x000007fef8b2f000 	C:\Program Files\Common Files\microsoft shared\ink\tiptsf.dll
0x000007fefc810000 - 0x000007fefc81c000 	C:\Windows\system32\version.dll
0x00000000020c0000 - 0x00000000020e9000 	D:\MATLAB\R2011A\bin\win64\tbbmalloc.dll
0x000007fefd710000 - 0x000007fefd71f000 	C:\Windows\system32\profapi.dll
0x000007fefbf70000 - 0x000007fefbf97000 	C:\Windows\system32\iphlpapi.dll
0x000007fefbf60000 - 0x000007fefbf6b000 	C:\Windows\system32\WINNSI.DLL
0x000007fefcdc0000 - 0x000007fefce1b000 	C:\Windows\system32\DNSAPI.dll
0x000007fefbd40000 - 0x000007fefbd51000 	C:\Windows\system32\dhcpcsvc6.DLL
0x000007fefbd60000 - 0x000007fefbd78000 	C:\Windows\system32\dhcpcsvc.DLL
0x0000000065280000 - 0x0000000065283000 	C:\Windows\system32\icmp.Dll
0x000007fefd600000 - 0x000007fefd60f000 	C:\Windows\system32\CRYPTBASE.dll
0x0000000078870000 - 0x0000000078ecd000 	D:\MATLAB\R2011A\sys\java\jre\win64\jre\bin\server\jvm.dll
0x000007fef9db0000 - 0x000007fef9deb000 	C:\Windows\system32\WINMM.dll
0x000000007a440000 - 0x000000007a44e000 	D:\MATLAB\R2011A\sys\java\jre\win64\jre\bin\verify.dll
0x000000007a070000 - 0x000000007a097000 	D:\MATLAB\R2011A\sys\java\jre\win64\jre\bin\java.dll
0x000000007a540000 - 0x000000007a54a000 	D:\MATLAB\R2011A\sys\java\jre\win64\jre\bin\hpi.dll
0x000000007a370000 - 0x000000007a382000 	D:\MATLAB\R2011A\sys\java\jre\win64\jre\bin\zip.dll
0x000007feff550000 - 0x000007feff5e9000 	C:\Windows\system32\CLBCatQ.DLL
0x000007fefa740000 - 0x000007fefa794000 	C:\Windows\system32\oleacc.dll
0x0000000075b90000 - 0x0000000075bfb000 	D:\MATLAB\R2011A\sys\java\jre\win64\jre\bin\fontmanager.dll

VM Arguments:
jvm_args: -Xss512k -XX:PermSize=32m -Xms64m -XX:NewRatio=3 -XX:MaxPermSize=128m -Xmx196m -XX:MaxDirectMemorySize=2147400000 -Dsun.java2d.noddraw=true -Dsun.awt.nopixfmt=true -Xshare:off -Xrs -Dsun.awt.disableMixing=true -Djava.library.path=D:\MATLAB\R2011A\bin\win64 vfprintf abort 
java_command: <unknown>
Launcher Type: generic

Environment Variables:
PATH=C:\Program Files (x86)\NVIDIA Corporation\PhysX\Common;C:\Windows\system32;C:\Windows;C:\Windows\System32\Wbem;C:\Windows\System32\WindowsPowerShell\v1.0\;C:\Program Files\Intel\WiFi\bin\;C:\Program Files\Common Files\Intel\WirelessCommon\;C:\Users\Jx\AppData\Local\Smartbar\Application\;D:\MATLAB\R2011A\runtime\win64;D:\MATLAB\R2011A\bin;C:\Program Files\MATLAB\R2011a\runtime\win64;C:\Program Files\MATLAB\R2011a\bin;C:\Program Files (x86)\Microsoft SQL Server\100\Tools\Binn\;C:\Program Files\Microsoft SQL Server\100\Tools\Binn\;C:\Program Files\Microsoft SQL Server\100\DTS\Binn\;C:\Program Files\TortoiseGit\bin;C:\Program Files\Intel\WiFi\bin\;C:\Program Files\Common Files\Intel\WirelessCommon\
USERNAME=Jx
OS=Windows_NT
PROCESSOR_IDENTIFIER=Intel64 Family 6 Model 42 Stepping 7, GenuineIntel



---------------  S Y S T E M  ---------------

OS: Windows 7 Build 7601 Service Pack 1

CPU:total 8 (8 cores per cpu, 2 threads per core) family 6 model 42 stepping 7, cmov, cx8, fxsr, mmx, sse, sse2, sse3, ssse3, sse4.1, sse4.2, ht

Memory: 4k page, physical 8280236k(5487448k free), swap 16558608k(13401512k free)

vm_info: Java HotSpot(TM) 64-Bit Server VM (14.3-b01) for windows-amd64 JRE (1.6.0_17-b04), built on Oct 11 2009 00:46:08 by "java_re" with MS VC++ 8.0

time: Tue Nov 05 16:57:37 2013
elapsed time: 152 seconds

